<?xml version="1.0" encoding="UTF-8" ?>
<testsuite tests="4" failures="0" name="TestEjercicios.TestEjer3" time="0.016" errors="0" skipped="0">
  <properties>
[...]
</properties>
  <testcase classname="TestEjercicios.TestEjer3" name="TestEjercicios.TestEjer3.testRepresentacionBinaria127" time="0.013"/>
  <testcase classname="TestEjercicios.TestEjer3" name="TestEjercicios.TestEjer3.testRepresentacionBinaria0" time="0"/>
  <testcase classname="TestEjercicios.TestEjer3" name="TestEjercicios.TestEjer3.testRepresentacionBinarianegativo" time="0"/>
  <testcase classname="TestEjercicios.TestEjer3" name="TestEjercicios.TestEjer3.testRepresentacionBinaria12" time="0.003"/>
</testsuite>